<?xml version="1.0" encoding="utf-8"?><testsuites name="pytest tests"><testsuite name="pytest" errors="0" failures="0" skipped="0" tests="10" time="6.827" timestamp="2026-08-29T09:20:25.575478+00:00" hostname="agent-env-8d60b1ce-fdcb-4601-938e-8b7816109fba"><testcase classname="tests.backend_test" name="test_root" time="0.500" /><testcase classname="tests.backend_test" name="test_health" time="0.077" /><testcase classname="tests.backend_test" name="test_create_project_auto_id" time="0.121" /><testcase classname="tests.backend_test" name="test_list_projects_contains_created" time="0.073" /><testcase classname="tests.backend_test" name="test_get_project" time="0.079" /><testcase classname="tests.backend_test" name="test_update_preserves_created_at" time="1.298" /><testcase classname="tests.backend_test" name="test_get_unknown_returns_404" time="0.067" /><testcase classname="tests.backend_test" name="test_delete_project" time="0.136" /><testcase classname="tests.backend_test" name="test_delete_unknown_returns_404" time="0.059" /><testcase classname="tests.backend_test" name="test_create_with_supplied_id" time="0.450" /></testsuite></testsuites>