<?xml version="1.0" encoding="utf-8"?><testsuites name="pytest tests"><testsuite name="pytest" errors="0" failures="0" skipped="0" tests="22" time="31.536" timestamp="2026-08-29T10:50:04.761448+00:00" hostname="agent-env-8d60b1ce-fdcb-4601-938e-8b7816109fba"><testcase classname="tests.test_new_features.TestAttachments" name="test_upload_small_image" time="0.858" /><testcase classname="tests.backend_test" name="test_health" time="0.418" /><testcase classname="tests.backend_test" name="test_create_project" time="0.112" /><testcase classname="tests.backend_test" name="test_list_projects_includes_created" time="0.099" /><testcase classname="tests.backend_test" name="test_get_project" time="0.073" /><testcase classname="tests.backend_test" name="test_get_unknown_returns_404" time="0.093" /><testcase classname="tests.backend_test" name="test_update_project_rename" time="1.331" /><testcase classname="tests.test_new_features.TestAttachments" name="test_download_attachment" time="0.277" /><testcase classname="tests.test_new_features.TestAttachments" name="test_upload_text_file" time="0.661" /><testcase classname="tests.test_new_features.TestAttachments" name="test_delete_attachment" time="0.167" /><testcase classname="tests.test_new_features.TestAttachments" name="test_reject_empty_file" time="0.121" /><testcase classname="tests.test_new_features.TestAttachments" name="test_reject_oversize_file" time="0.751" /><testcase classname="tests.backend_test" name="test_update_unknown_returns_404" time="0.069" /><testcase classname="tests.backend_test" name="test_save_graph" time="0.210" /><testcase classname="tests.backend_test" name="test_save_graph_unknown_returns_404" time="0.073" /><testcase classname="tests.backend_test" name="test_import_project" time="0.158" /><testcase classname="tests.backend_test" name="test_delete_project" time="0.139" /><testcase classname="tests.backend_test" name="test_delete_unknown_returns_404" time="0.070" /><testcase classname="tests.test_new_features.TestAttachments" name="test_download_unknown_returns_404" time="0.118" /><testcase classname="tests.backend_test" name="test_create_project_missing_name_returns_422" time="10.286" /><testcase classname="tests.test_new_features.TestAIDraft" name="test_ai_draft_generates_graph" time="24.965" /><testcase classname="tests.test_new_features.TestAIDraft" name="test_ai_draft_short_prompt_422" time="0.178" /></testsuite></testsuites>